-------------------------------------------------------------------------------
Test set: BoundaryTest
-------------------------------------------------------------------------------
Tests run: 17, Failures: 0, Errors: 1, Skipped: 0, Time elapsed: 1.212 s <<< FAILURE! - in BoundaryTest
BoundaryTest.testLogout  Time elapsed: 0.029 s  <<< ERROR!
java.lang.NullPointerException: Cannot invoke "com.cleaningsystem.controller.LoginLogout.LogoutController.logout(jakarta.servlet.http.HttpSession)" because "<local3>.LogoutC" is null
	at BoundaryTest.testLogout(BoundaryTest.java:264)

