-------------------------------------------------------------------------------
Test set: BoundaryTest
-------------------------------------------------------------------------------
Tests run: 17, Failures: 14, Errors: 2, Skipped: 0, Time elapsed: 0.99 s <<< FAILURE! - in BoundaryTest
BoundaryTest.testprocessCleanerSignUp  Time elapsed: 0.873 s  <<< FAILURE!
org.opentest4j.AssertionFailedError: expected: <user_cleaner_info> but was: <redirect:/Login>
	at BoundaryTest.testprocessCleanerSignUp(BoundaryTest.java:136)

BoundaryTest.testShowCleanerSignUpForm  Time elapsed: 0.022 s  <<< FAILURE!
org.mockito.exceptions.verification.WantedButNotInvoked: 

Wanted but not invoked:
model.addAttribute("UserAccount", <any>);
-> at BoundaryTest.testShowCleanerSignUpForm(BoundaryTest.java:115)
Actually, there were zero interactions with this mock.

	at BoundaryTest.testShowCleanerSignUpForm(BoundaryTest.java:115)

BoundaryTest.testShowUpdateUserAccount  Time elapsed: 0.014 s  <<< FAILURE!
org.mockito.exceptions.verification.WantedButNotInvoked: 

Wanted but not invoked:
model.addAttribute(
    "userAccountInfo",
    com.cleaningsystem.entity.UserAccount@35636217
);
-> at BoundaryTest.testShowUpdateUserAccount(BoundaryTest.java:253)
Actually, there were zero interactions with this mock.

	at BoundaryTest.testShowUpdateUserAccount(BoundaryTest.java:253)

BoundaryTest.testProcessLogin  Time elapsed: 0.005 s  <<< FAILURE!
org.mockito.exceptions.verification.WantedButNotInvoked: 

Wanted but not invoked:
session.setAttribute("uid", 1);
-> at BoundaryTest.testProcessLogin(BoundaryTest.java:162)
Actually, there were zero interactions with this mock.

	at BoundaryTest.testProcessLogin(BoundaryTest.java:162)

BoundaryTest.testShowPlatformManagerHome  Time elapsed: 0.006 s  <<< FAILURE!
org.mockito.exceptions.verification.WantedButNotInvoked: 

Wanted but not invoked:
model.addAttribute("username", "PM");
-> at BoundaryTest.testShowPlatformManagerHome(BoundaryTest.java:92)
Actually, there were zero interactions with this mock.

	at BoundaryTest.testShowPlatformManagerHome(BoundaryTest.java:92)

BoundaryTest.testSearchUserAccounts  Time elapsed: 0.004 s  <<< FAILURE!
org.mockito.exceptions.verification.WantedButNotInvoked: 

Wanted but not invoked:
model.addAttribute(
    "userAccounts",
    [com.cleaningsystem.entity.UserAccount@4992613f]
);
-> at BoundaryTest.testSearchUserAccounts(BoundaryTest.java:331)
Actually, there were zero interactions with this mock.

	at BoundaryTest.testSearchUserAccounts(BoundaryTest.java:331)

BoundaryTest.testShowLoginForm  Time elapsed: 0.002 s  <<< ERROR!
java.lang.NullPointerException: Cannot invoke "com.cleaningsystem.controller.UserAdmin.UserProfile.SearchUserProfileController.searchUserProfile()" because "this.searchUserProfileC" is null
	at BoundaryTest.testShowLoginForm(BoundaryTest.java:101)

BoundaryTest.testShowHomePage  Time elapsed: 0.003 s  <<< ERROR!
java.lang.NullPointerException: Cannot invoke "com.cleaningsystem.controller.UserAdmin.UserAccount.SearchUserAccountController.searchUserAccount(int)" because "this.searchUserAccountC" is null
	at BoundaryTest.testShowHomePage(BoundaryTest.java:52)

BoundaryTest.testShowUserAdminHome  Time elapsed: 0.003 s  <<< FAILURE!
org.mockito.exceptions.verification.WantedButNotInvoked: 

Wanted but not invoked:
model.addAttribute("username", "admin");
-> at BoundaryTest.testShowUserAdminHome(BoundaryTest.java:62)
Actually, there were zero interactions with this mock.

	at BoundaryTest.testShowUserAdminHome(BoundaryTest.java:62)

BoundaryTest.testProcessUpdateUserAccount_Success  Time elapsed: 0.005 s  <<< FAILURE!
org.mockito.exceptions.verification.WantedButNotInvoked: 

Wanted but not invoked:
model.addAttribute(
    "userAccountInfo",
    com.cleaningsystem.entity.UserAccount@4393593c
);
-> at BoundaryTest.testProcessUpdateUserAccount_Success(BoundaryTest.java:273)
Actually, there were zero interactions with this mock.

	at BoundaryTest.testProcessUpdateUserAccount_Success(BoundaryTest.java:273)

BoundaryTest.testShowHomeOwnerHome  Time elapsed: 0.002 s  <<< FAILURE!
org.mockito.exceptions.verification.WantedButNotInvoked: 

Wanted but not invoked:
model.addAttribute("username", "homeowner");
-> at BoundaryTest.testShowHomeOwnerHome(BoundaryTest.java:82)
Actually, there were zero interactions with this mock.

	at BoundaryTest.testShowHomeOwnerHome(BoundaryTest.java:82)

BoundaryTest.testShowUserAccountList  Time elapsed: 0.003 s  <<< FAILURE!
org.mockito.exceptions.verification.WantedButNotInvoked: 

Wanted but not invoked:
model.addAttribute(
    "userAccounts",
    [com.cleaningsystem.entity.UserAccount@6df3e44c, com.cleaningsystem.entity.UserAccount@7ce7e83c]
);
-> at BoundaryTest.testShowUserAccountList(BoundaryTest.java:232)
Actually, there were zero interactions with this mock.

	at BoundaryTest.testShowUserAccountList(BoundaryTest.java:232)

BoundaryTest.testShowUserAccount  Time elapsed: 0.003 s  <<< FAILURE!
org.mockito.exceptions.verification.WantedButNotInvoked: 

Wanted but not invoked:
model.addAttribute(
    "userAccountInfo",
    com.cleaningsystem.entity.UserAccount@6fd77352
);
-> at BoundaryTest.testShowUserAccount(BoundaryTest.java:202)
Actually, there were zero interactions with this mock.

	at BoundaryTest.testShowUserAccount(BoundaryTest.java:202)

BoundaryTest.testProcessSuspendUserAccount_Success  Time elapsed: 0.002 s  <<< FAILURE!
org.opentest4j.AssertionFailedError: expected: <redirect:/ViewUserAccount?uid=5> but was: <redirect:/Login>
	at BoundaryTest.testProcessSuspendUserAccount_Success(BoundaryTest.java:312)

BoundaryTest.testProcessUpdateUserAccount_Fail  Time elapsed: 0.002 s  <<< FAILURE!
org.mockito.exceptions.verification.WantedButNotInvoked: 

Wanted but not invoked:
model.addAttribute(
    "error",
    "Profile update failed! Please try again."
);
-> at BoundaryTest.testProcessUpdateUserAccount_Fail(BoundaryTest.java:289)
Actually, there were zero interactions with this mock.

	at BoundaryTest.testProcessUpdateUserAccount_Fail(BoundaryTest.java:289)

BoundaryTest.testShowCleanerHome  Time elapsed: 0.002 s  <<< FAILURE!
org.mockito.exceptions.verification.WantedButNotInvoked: 

Wanted but not invoked:
model.addAttribute("username", "cleaner");
-> at BoundaryTest.testShowCleanerHome(BoundaryTest.java:72)
Actually, there were zero interactions with this mock.

	at BoundaryTest.testShowCleanerHome(BoundaryTest.java:72)

