<?xml version="1.0" encoding="UTF-8"?>
<testsuite xmlns:xsi="http://www.w3.org/2001/XMLSchema-instance" xsi:noNamespaceSchemaLocation="https://maven.apache.org/surefire/maven-surefire-plugin/xsd/surefire-test-report-3.0.xsd" version="3.0" name="UserAdminTest" time="0.355" tests="45" errors="6" skipped="0" failures="18">
  <properties>
[...]
</properties>
  <testcase name="testViewUserProfile_Found" classname="UserAdminTest" time="0.049"/>
  <testcase name="testSuspendUserProfile_Success" classname="UserAdminTest" time="0.006"/>
  <testcase name="testViewUserAccount_Found" classname="UserAdminTest" time="0.006"/>
  <testcase name="testSearchUserAccountEntity_All" classname="UserAdminTest" time="0.017">
    <failure type="org.opentest4j.AssertionFailedError"><![CDATA[org.opentest4j.AssertionFailedError: expected: <3> but was: <0>
	at UserAdminTest.testSearchUserAccountEntity_All(UserAdminTest.java:635)
]]></failure>
    <system-out><![CDATA[[]
]]></system-out>
  </testcase>
  <testcase name="testCreateUserProfile_Success" classname="UserAdminTest" time="0.017">
    <error type="org.mockito.exceptions.misusing.WrongTypeOfReturnValue"><![CDATA[org.mockito.exceptions.misusing.WrongTypeOfReturnValue: 

Boolean cannot be returned by searchUserAccount()
searchUserAccount() should return List
***
If you're unsure why you're getting above error read on.
Due to the nature of the syntax above problem might occur because:
1. This exception *might* occur in wrongly written multi-threaded tests.
   Please refer to Mockito FAQ on limitations of concurrency testing.
2. A spy is stubbed using when(spy.foo()).then() syntax. It is safer to stub spies - 
   - with doReturn|Throw() family of methods. More in javadocs for Mockito.spy() method.

	at UserAdminTest.testCreateUserProfile_Success(UserAdminTest.java:375)
]]></error>
  </testcase>
  <testcase name="testViewUserAccount_NotFound" classname="UserAdminTest" time="0.006"/>
  <testcase name="testSearchUserProfile_All" classname="UserAdminTest" time="0.006">
    <error type="org.mockito.exceptions.misusing.WrongTypeOfReturnValue"><![CDATA[org.mockito.exceptions.misusing.WrongTypeOfReturnValue: 

ArrayList cannot be returned by viewUserAccount()
viewUserAccount() should return UserAccount
***
If you're unsure why you're getting above error read on.
Due to the nature of the syntax above problem might occur because:
1. This exception *might* occur in wrongly written multi-threaded tests.
   Please refer to Mockito FAQ on limitations of concurrency testing.
2. A spy is stubbed using when(spy.foo()).then() syntax. It is safer to stub spies - 
   - with doReturn|Throw() family of methods. More in javadocs for Mockito.spy() method.

	at UserAdminTest.testSearchUserProfile_All(UserAdminTest.java:385)
]]></error>
  </testcase>
  <testcase name="testUpdateUserProfile_Success" classname="UserAdminTest" time="0.007">
    <error type="org.mockito.exceptions.misusing.MissingMethodInvocationException"><![CDATA[org.mockito.exceptions.misusing.MissingMethodInvocationException: 

when() requires an argument which has to be 'a method call on a mock'.
For example:
    when(mock.getArticles()).thenReturn(articles);

Also, this error might show up because:
1. you stub either of: final/private/equals()/hashCode() methods.
   Those methods *cannot* be stubbed/verified.
   Mocking methods declared on non-public parent classes is not supported.
2. inside when() you don't call method on mock but on some other object.

	at UserAdminTest.testUpdateUserProfile_Success(UserAdminTest.java:448)
]]></error>
  </testcase>
  <testcase name="testSearchUserAccount_ByKeyword" classname="UserAdminTest" time="0.006"/>
  <testcase name="testCreateAccount_Success" classname="UserAdminTest" time="0.007"/>
  <testcase name="testSuspendUserAccountEntity_Success" classname="UserAdminTest" time="0.004">
    <failure type="org.opentest4j.AssertionFailedError"><![CDATA[org.opentest4j.AssertionFailedError: expected: <true> but was: <false>
	at UserAdminTest.testSuspendUserAccountEntity_Success(UserAdminTest.java:590)
]]></failure>
  </testcase>
  <testcase name="testSuspendUserAccount_Success" classname="UserAdminTest" time="0.005"/>
  <testcase name="testSuspendUserProfile_FailureDueToUserSuspendFail" classname="UserAdminTest" time="0.007">
    <failure type="org.opentest4j.AssertionFailedError"><![CDATA[org.opentest4j.AssertionFailedError: expected: <false> but was: <true>
	at UserAdminTest.testSuspendUserProfile_FailureDueToUserSuspendFail(UserAdminTest.java:762)
]]></failure>
  </testcase>
  <testcase name="testSearchUserAccountEntity_ByProfileId" classname="UserAdminTest" time="0.008">
    <failure type="org.opentest4j.AssertionFailedError"><![CDATA[org.opentest4j.AssertionFailedError: expected: <1> but was: <0>
	at UserAdminTest.testSearchUserAccountEntity_ByProfileId(UserAdminTest.java:621)
]]></failure>
  </testcase>
  <testcase name="testLogin_Success" classname="UserAdminTest" time="0.005">
    <failure type="org.opentest4j.AssertionFailedError"><![CDATA[org.opentest4j.AssertionFailedError: expected: not <null>
	at UserAdminTest.testLogin_Success(UserAdminTest.java:483)
]]></failure>
  </testcase>
  <testcase name="testCreateUserProfileEntity_Success" classname="UserAdminTest" time="0.011">
    <failure type="org.mockito.exceptions.verification.WantedButNotInvoked"><![CDATA[org.mockito.exceptions.verification.WantedButNotInvoked: 

Wanted but not invoked:
jdbcTemplate.update(
    <any string>,
    "Admin",
    "Admin profile",
    false
);
-> at org.springframework.jdbc.core.JdbcTemplate.update(JdbcTemplate.java:1024)
Actually, there were zero interactions with this mock.

	at UserAdminTest.testCreateUserProfileEntity_Success(UserAdminTest.java:655)
]]></failure>
  </testcase>
  <testcase name="testSearchUserProfileNamesForUserAccounts" classname="UserAdminTest" time="0.007">
    <error type="org.mockito.exceptions.misusing.MissingMethodInvocationException"><![CDATA[org.mockito.exceptions.misusing.MissingMethodInvocationException: 

when() requires an argument which has to be 'a method call on a mock'.
For example:
    when(mock.getArticles()).thenReturn(articles);

Also, this error might show up because:
1. you stub either of: final/private/equals()/hashCode() methods.
   Those methods *cannot* be stubbed/verified.
   Mocking methods declared on non-public parent classes is not supported.
2. inside when() you don't call method on mock but on some other object.

	at UserAdminTest.testSearchUserProfileNamesForUserAccounts(UserAdminTest.java:409)
]]></error>
  </testcase>
  <testcase name="testCreateUserProfile_Failure" classname="UserAdminTest" time="0.005">
    <failure type="org.opentest4j.AssertionFailedError"><![CDATA[org.opentest4j.AssertionFailedError: expected: <false> but was: <true>
	at UserAdminTest.testCreateUserProfile_Failure(UserAdminTest.java:664)
]]></failure>
  </testcase>
  <testcase name="testSearchUserAccount_All" classname="UserAdminTest" time="0.005"/>
  <testcase name="testUpdateUserAccountEntity_Success" classname="UserAdminTest" time="0.005">
    <failure type="org.opentest4j.AssertionFailedError"><![CDATA[org.opentest4j.AssertionFailedError: expected: <true> but was: <false>
	at UserAdminTest.testUpdateUserAccountEntity_Success(UserAdminTest.java:570)
]]></failure>
  </testcase>
  <testcase name="testUpdateUserAccount_Success" classname="UserAdminTest" time="0.004"/>
  <testcase name="testUpdateUserProfile_Failure" classname="UserAdminTest" time="0.004">
    <failure type="org.opentest4j.AssertionFailedError"><![CDATA[org.opentest4j.AssertionFailedError: expected: <false> but was: <true>
	at UserAdminTest.testUpdateUserProfile_Failure(UserAdminTest.java:726)
]]></failure>
  </testcase>
  <testcase name="testCreateAccount_Failure" classname="UserAdminTest" time="0.004"/>
  <testcase name="testSearchUserProfileEntity_All" classname="UserAdminTest" time="0.006">
    <failure type="org.opentest4j.AssertionFailedError"><![CDATA[org.opentest4j.AssertionFailedError: expected: <2> but was: <0>
	at UserAdminTest.testSearchUserProfileEntity_All(UserAdminTest.java:798)
]]></failure>
  </testcase>
  <testcase name="testSearchUserAccountNamesByServiceListings" classname="UserAdminTest" time="0.005"/>
  <testcase name="testSearchUserAccountPerProfileCount" classname="UserAdminTest" time="0.003"/>
  <testcase name="testSuspendUserAccount_Failure" classname="UserAdminTest" time="0.005"/>
  <testcase name="testSearchUserProfile_ByKeyword" classname="UserAdminTest" time="0.004">
    <error type="org.mockito.exceptions.misusing.WrongTypeOfReturnValue"><![CDATA[org.mockito.exceptions.misusing.WrongTypeOfReturnValue: 

ArrayList cannot be returned by suspendUserAccount()
suspendUserAccount() should return boolean
***
If you're unsure why you're getting above error read on.
Due to the nature of the syntax above problem might occur because:
1. This exception *might* occur in wrongly written multi-threaded tests.
   Please refer to Mockito FAQ on limitations of concurrency testing.
2. A spy is stubbed using when(spy.foo()).then() syntax. It is safer to stub spies - 
   - with doReturn|Throw() family of methods. More in javadocs for Mockito.spy() method.

	at UserAdminTest.testSearchUserProfile_ByKeyword(UserAdminTest.java:397)
]]></error>
  </testcase>
  <testcase name="testSuspendUserProfileEntity_Success" classname="UserAdminTest" time="0.005">
    <failure type="org.mockito.exceptions.verification.WantedButNotInvoked"><![CDATA[org.mockito.exceptions.verification.WantedButNotInvoked: 

Wanted but not invoked:
userAccount.suspendUserAccount(100, true);
-> at UserAdminTest$UserAccount.suspendUserAccount(UserAdminTest.java:72)
Actually, there were zero interactions with this mock.

	at UserAdminTest.testSuspendUserProfileEntity_Success(UserAdminTest.java:746)
]]></failure>
  </testcase>
  <testcase name="testLogin_NoUser" classname="UserAdminTest" time="0.004"/>
  <testcase name="testUpdateUserAccount_Failure" classname="UserAdminTest" time="0.005"/>
  <testcase name="testSearchUserAccountFromShortlist" classname="UserAdminTest" time="0.005"/>
  <testcase name="testGetProfileNameByUid" classname="UserAdminTest" time="0.005">
    <failure type="org.opentest4j.AssertionFailedError"><![CDATA[org.opentest4j.AssertionFailedError: expected: <Admin> but was: <null>
	at UserAdminTest.testGetProfileNameByUid(UserAdminTest.java:645)
]]></failure>
  </testcase>
  <testcase name="testUpdateUserProfileEntity_Success" classname="UserAdminTest" time="0.005"/>
  <testcase name="testSearchUserProfileEntity_ByKeyword" classname="UserAdminTest" time="0.006">
    <failure type="org.opentest4j.AssertionFailedError"><![CDATA[org.opentest4j.AssertionFailedError: expected: <1> but was: <0>
	at UserAdminTest.testSearchUserProfileEntity_ByKeyword(UserAdminTest.java:787)
]]></failure>
  </testcase>
  <testcase name="testViewUserProfile_Success" classname="UserAdminTest" time="0.005">
    <error type="org.mockito.exceptions.misusing.MissingMethodInvocationException"><![CDATA[org.mockito.exceptions.misusing.MissingMethodInvocationException: 

when() requires an argument which has to be 'a method call on a mock'.
For example:
    when(mock.getArticles()).thenReturn(articles);

Also, this error might show up because:
1. you stub either of: final/private/equals()/hashCode() methods.
   Those methods *cannot* be stubbed/verified.
   Mocking methods declared on non-public parent classes is not supported.
2. inside when() you don't call method on mock but on some other object.

	at UserAdminTest.testViewUserProfile_Success(UserAdminTest.java:462)
]]></error>
  </testcase>
  <testcase name="testGetProfileIdByName_Found" classname="UserAdminTest" time="0.005"/>
  <testcase name="testCreateAccount_Success_Entity" classname="UserAdminTest" time="0.008">
    <failure type="org.opentest4j.AssertionFailedError"><![CDATA[org.opentest4j.AssertionFailedError: expected: <true> but was: <false>
	at UserAdminTest.testCreateAccount_Success_Entity(UserAdminTest.java:520)
]]></failure>
  </testcase>
  <testcase name="testGetProfileIdByName_NotFound" classname="UserAdminTest" time="0.004"/>
  <testcase name="testSearchUserProfileNamesForUserAccountsEntity" classname="UserAdminTest" time="0.02">
    <failure type="org.opentest4j.AssertionFailedError"><![CDATA[org.opentest4j.AssertionFailedError: expected: <[Admin, User]> but was: <[]>
	at UserAdminTest.testSearchUserProfileNamesForUserAccountsEntity(UserAdminTest.java:819)
]]></failure>
  </testcase>
  <testcase name="testSuspendUserProfile_FailureDueToProfileSuspendFail" classname="UserAdminTest" time="0.007">
    <failure type="org.opentest4j.AssertionFailedError"><![CDATA[org.opentest4j.AssertionFailedError: expected: <false> but was: <true>
	at UserAdminTest.testSuspendUserProfile_FailureDueToProfileSuspendFail(UserAdminTest.java:777)
]]></failure>
  </testcase>
  <testcase name="testSearchUserAccountEntity_ByKeyword" classname="UserAdminTest" time="0.005">
    <failure type="org.opentest4j.AssertionFailedError"><![CDATA[org.opentest4j.AssertionFailedError: expected: <2> but was: <0>
	at UserAdminTest.testSearchUserAccountEntity_ByKeyword(UserAdminTest.java:610)
]]></failure>
  </testcase>
  <testcase name="testViewUserAccount_Success" classname="UserAdminTest" time="0.005"/>
  <testcase name="testSearchUserAccount_ByProfileId" classname="UserAdminTest" time="0.006"/>
  <testcase name="testViewUserProfile_NotFound" classname="UserAdminTest" time="0.006">
    <failure type="org.opentest4j.AssertionFailedError"><![CDATA[org.opentest4j.AssertionFailedError: expected: <null> but was: <UserAdminTest$UserProfile@5dbbb292>
	at UserAdminTest.testViewUserProfile_NotFound(UserAdminTest.java:685)
]]></failure>
  </testcase>
</testsuite>