<?xml version="1.0" encoding="UTF-8"?>
<testsuite xmlns:xsi="http://www.w3.org/2001/XMLSchema-instance" xsi:noNamespaceSchemaLocation="https://maven.apache.org/surefire/maven-surefire-plugin/xsd/surefire-test-report-3.0.xsd" version="3.0" name="BoundaryTest" time="1.373" tests="17" errors="0" skipped="0" failures="5">
  <properties>
[...]
</properties>
  <testcase name="testprocessCleanerSignUp" classname="BoundaryTest" time="1.193">
    <failure type="org.opentest4j.AssertionFailedError"><![CDATA[org.opentest4j.AssertionFailedError: expected: <user_cleaner_info> but was: <cleaner_user_creation>
	at BoundaryTest.testprocessCleanerSignUp(BoundaryTest.java:137)
]]></failure>
  </testcase>
  <testcase name="testShowCleanerSignUpForm" classname="BoundaryTest" time="0.05">
    <failure type="org.mockito.exceptions.verification.opentest4j.ArgumentsAreDifferent"><![CDATA[org.mockito.exceptions.verification.opentest4j.ArgumentsAreDifferent: 

Argument(s) are different! Wanted:
model.addAttribute(
    "UserAccount",
    <any>
);
-> at BoundaryTest.testShowCleanerSignUpForm(BoundaryTest.java:117)
Actual invocations have different arguments at position [0]:
model.addAttribute(
    "CleanerUserCreationForm",
    UserAccount{uid=0, name='null', age=0, dob='null', gender='null', address='null', email='null', username='null', profileId=0}
);
-> at com.cleaningsystem.boundary.Boundary.showCleanerSignUpForm(Boundary.java:122)

	at BoundaryTest.testShowCleanerSignUpForm(BoundaryTest.java:117)
]]></failure>
  </testcase>
  <testcase name="testShowUpdateUserAccount" classname="BoundaryTest" time="0.012"/>
  <testcase name="testProcessLogin" classname="BoundaryTest" time="0.007">
    <system-out><![CDATA[2
]]></system-out>
  </testcase>
  <testcase name="testShowPlatformManagerHome" classname="BoundaryTest" time="0.011">
    <failure type="org.mockito.exceptions.verification.WantedButNotInvoked"><![CDATA[org.mockito.exceptions.verification.WantedButNotInvoked: 

Wanted but not invoked:
model.addAttribute("username", "PM");
-> at BoundaryTest.testShowPlatformManagerHome(BoundaryTest.java:95)
Actually, there were zero interactions with this mock.

	at BoundaryTest.testShowPlatformManagerHome(BoundaryTest.java:95)
]]></failure>
  </testcase>
  <testcase name="testSearchUserAccounts" classname="BoundaryTest" time="0.006"/>
  <testcase name="testShowLoginForm" classname="BoundaryTest" time="0.005"/>
  <testcase name="testShowHomePage" classname="BoundaryTest" time="0.005"/>
  <testcase name="testShowUserAdminHome" classname="BoundaryTest" time="0.006"/>
  <testcase name="testProcessUpdateUserAccount_Success" classname="BoundaryTest" time="0.01">
    <failure type="org.opentest4j.AssertionFailedError"><![CDATA[org.opentest4j.AssertionFailedError: expected: <user_account_info> but was: <redirect:/UserAccount?uid=4>
	at BoundaryTest.testProcessUpdateUserAccount_Success(BoundaryTest.java:269)
]]></failure>
  </testcase>
  <testcase name="testShowHomeOwnerHome" classname="BoundaryTest" time="0.006"/>
  <testcase name="testShowUserAccountList" classname="BoundaryTest" time="0.005"/>
  <testcase name="testShowUserAccount" classname="BoundaryTest" time="0"/>
  <testcase name="testProcessSuspendUserAccount_Success" classname="BoundaryTest" time="0">
    <failure type="org.opentest4j.AssertionFailedError"><![CDATA[org.opentest4j.AssertionFailedError: expected: <redirect:/ViewUserAccount?uid=5> but was: <redirect:/UserAccount?uid=5>
	at BoundaryTest.testProcessSuspendUserAccount_Success(BoundaryTest.java:304)
]]></failure>
  </testcase>
  <testcase name="testProcessUpdateUserAccount_Fail" classname="BoundaryTest" time="0.014"/>
  <testcase name="testLogout" classname="BoundaryTest" time="0.002"/>
  <testcase name="testShowCleanerHome" classname="BoundaryTest" time="0.004"/>
</testsuite>