<?xml version="1.0" encoding="UTF-8"?>
<testsuite xmlns:xsi="http://www.w3.org/2001/XMLSchema-instance" xsi:noNamespaceSchemaLocation="https://maven.apache.org/surefire/maven-surefire-plugin/xsd/surefire-test-report-3.0.xsd" version="3.0" name="UserAdminTest" time="0.187" tests="44" errors="0" skipped="0" failures="0">
  <properties>
[...]
</properties>
  <testcase name="testViewUserProfile_Found" classname="UserAdminTest" time="0.055"/>
  <testcase name="testSuspendUserProfile_Success" classname="UserAdminTest" time="0.003"/>
  <testcase name="testViewUserAccount_Found" classname="UserAdminTest" time="0.002"/>
  <testcase name="testSearchUserAccountEntity_All" classname="UserAdminTest" time="0.001">
    <system-out><![CDATA[[UserAdminTest$UserAccount@77b3752b, UserAdminTest$UserAccount@6367a688, UserAdminTest$UserAccount@319642db]
]]></system-out>
  </testcase>
  <testcase name="testCreateUserProfile_Success" classname="UserAdminTest" time="0.004"/>
  <testcase name="testViewUserAccount_NotFound" classname="UserAdminTest" time="0.001"/>
  <testcase name="testSearchUserProfile_All" classname="UserAdminTest" time="0.001"/>
  <testcase name="testUpdateUserProfile_Success" classname="UserAdminTest" time="0.004"/>
  <testcase name="testSearchUserAccount_ByKeyword" classname="UserAdminTest" time="0.002"/>
  <testcase name="testCreateAccount_Success" classname="UserAdminTest" time="0.006"/>
  <testcase name="testSuspendUserAccountEntity_Success" classname="UserAdminTest" time="0.002"/>
  <testcase name="testSuspendUserAccount_Success" classname="UserAdminTest" time="0.001"/>
  <testcase name="testSuspendUserProfile_FailureDueToUserSuspendFail" classname="UserAdminTest" time="0.002">
    <system-out><![CDATA[Exception in suspendUserProfile: Failed to update user suspension for user ID: 100
]]></system-out>
  </testcase>
  <testcase name="testSearchUserAccountEntity_ByProfileId" classname="UserAdminTest" time="0.002"/>
  <testcase name="testLogin_Success" classname="UserAdminTest" time="0.003"/>
  <testcase name="testCreateUserProfileEntity_Success" classname="UserAdminTest" time="0.001"/>
  <testcase name="testSearchUserProfileNamesForUserAccounts" classname="UserAdminTest" time="0.001"/>
  <testcase name="testCreateUserProfile_Failure" classname="UserAdminTest" time="0.001"/>
  <testcase name="testUpdateUserAccountEntity_Success" classname="UserAdminTest" time="0.004"/>
  <testcase name="testUpdateUserAccount_Success" classname="UserAdminTest" time="0.001"/>
  <testcase name="testUpdateUserProfile_Failure" classname="UserAdminTest" time="0.001"/>
  <testcase name="testCreateAccount_Failure" classname="UserAdminTest" time="0"/>
  <testcase name="testSearchUserProfileEntity_All" classname="UserAdminTest" time="0"/>
  <testcase name="testSearchUserAccountNamesByServiceListings" classname="UserAdminTest" time="0.027"/>
  <testcase name="testSearchUserAccountPerProfileCount" classname="UserAdminTest" time="0.001"/>
  <testcase name="testSuspendUserAccount_Failure" classname="UserAdminTest" time="0.001"/>
  <testcase name="testSearchUserProfile_ByKeyword" classname="UserAdminTest" time="0.001"/>
  <testcase name="testSuspendUserProfileEntity_Success" classname="UserAdminTest" time="0.001"/>
  <testcase name="testLogin_NoUser" classname="UserAdminTest" time="0.001"/>
  <testcase name="testUpdateUserAccount_Failure" classname="UserAdminTest" time="0.001"/>
  <testcase name="testSearchUserAccountFromShortlist" classname="UserAdminTest" time="0.028"/>
  <testcase name="testGetProfileNameByUid" classname="UserAdminTest" time="0.002"/>
  <testcase name="testUpdateUserProfileEntity_Success" classname="UserAdminTest" time="0.002"/>
  <testcase name="testSearchUserProfileEntity_ByKeyword" classname="UserAdminTest" time="0.002"/>
  <testcase name="testViewUserProfile_Success" classname="UserAdminTest" time="0.002"/>
  <testcase name="testGetProfileIdByName_Found" classname="UserAdminTest" time="0.001"/>
  <testcase name="testCreateAccount_Success_Entity" classname="UserAdminTest" time="0.001"/>
  <testcase name="testGetProfileIdByName_NotFound" classname="UserAdminTest" time="0.001"/>
  <testcase name="testSearchUserProfileNamesForUserAccountsEntity" classname="UserAdminTest" time="0.001"/>
  <testcase name="testSuspendUserProfile_FailureDueToProfileSuspendFail" classname="UserAdminTest" time="0.001">
    <system-out><![CDATA[Exception in suspendUserProfile: Failed to update profile suspension status for profile ID: 10
]]></system-out>
  </testcase>
  <testcase name="testSearchUserAccountEntity_ByKeyword" classname="UserAdminTest" time="0.001"/>
  <testcase name="testViewUserAccount_Success" classname="UserAdminTest" time="0.001"/>
  <testcase name="testSearchUserAccount_ByProfileId" classname="UserAdminTest" time="0.001"/>
  <testcase name="testViewUserProfile_NotFound" classname="UserAdminTest" time="0.001"/>
</testsuite>